<?xml version="1.0" encoding="utf-8"?><testsuites name="pytest tests"><testsuite name="pytest" errors="0" failures="0" skipped="0" tests="26" time="3.034" timestamp="2026-07-31T07:25:13.467827+00:00" hostname="agent-env-ff7e4a49-0aa4-4bad-bf66-8c0177fd6359"><testcase classname="tests.backend_test.TestOrders" name="test_create_draft" time="0.157" /><testcase classname="tests.backend_test.TestRBAC" name="test_operator_cannot_delete_client" time="0.485" /><testcase classname="tests.backend_test.TestOrders" name="test_edit_add_costs_drivers" time="0.083" /><testcase classname="tests.backend_test.TestOrders" name="test_get_persisted" time="0.094" /><testcase classname="tests.backend_test.TestOrders" name="test_validation_gaji_exceeds_harga" time="0.076" /><testcase classname="tests.backend_test.TestOrders" name="test_multiple_drivers_up_to_4" time="0.237" /><testcase classname="tests.backend_test.TestRBAC" name="test_operator_cannot_delete_order" time="0.308" /><testcase classname="tests.backend_test.TestOrders" name="test_list_search" time="0.094" /><testcase classname="tests.backend_test.TestOrders" name="test_delete_cleanup" time="0.190" /><testcase classname="tests.backend_test.TestRBAC" name="test_operator_cannot_list_users" time="0.094" /><testcase classname="tests.backend_test.TestRBAC" name="test_owner_can_list_users" time="0.081" /><testcase classname="tests.backend_test.TestAnalytics" name="test_executive" time="0.076" /><testcase classname="tests.backend_test.TestExport" name="test_export[/export/orders]" time="0.170" /><testcase classname="tests.backend_test.TestAnalytics" name="test_clients" time="0.122" /><testcase classname="tests.backend_test.TestAnalytics" name="test_units" time="0.091" /><testcase classname="tests.backend_test.TestExport" name="test_export[/export/clients-analysis]" time="0.101" /><testcase classname="tests.backend_test.TestAnalytics" name="test_drivers_filter" time="0.076" /><testcase classname="tests.backend_test.TestExport" name="test_export[/export/units-analysis]" time="0.091" /><testcase classname="tests.backend_test.TestAuth" name="test_me_owner" time="0.074" /><testcase classname="tests.backend_test.TestExport" name="test_export[/export/drivers-analysis]" time="0.092" /><testcase classname="tests.backend_test.TestAuth" name="test_me_unauth" time="0.119" /><testcase classname="tests.backend_test.TestMaster" name="test_client_tipe_auto" time="0.632" /><testcase classname="tests.backend_test.TestAuth" name="test_me_bad_token" time="0.091" /><testcase classname="tests.backend_test.TestUserMgmt" name="test_change_role_and_revert" time="0.186" /><testcase classname="tests.backend_test.TestMaster" name="test_unit_crud" time="0.231" /><testcase classname="tests.backend_test.TestMaster" name="test_driver_register_and_list" time="0.246" /></testsuite></testsuites>